<?xml version="1.0" encoding="UTF-8"?>
<!-- Generated by org.testng.reporters.JUnitReportReporter -->
<testsuite hostname="9d0d77d0d961" failures="0" tests="1" name="tests.TC_VerifyPricingPage" time="4.765" errors="0" timestamp="2021-07-27T04:37:33 GMT" skipped="0">
  <testcase classname="tests.TC_VerifyPricingPage" name="verifyPricingPage" time="4.765"/>
  <system-out/>
</testsuite> <!-- tests.TC_VerifyPricingPage -->
