<?xml version="1.0" encoding="UTF-8"?>
<!-- Generated by org.testng.reporters.JUnitReportReporter -->
<testsuite hostname="9d0d77d0d961" failures="0" tests="1" name="tests.TC_VerifyContact" time="24.085" errors="0" timestamp="2021-07-27T04:37:33 GMT" skipped="0">
  <testcase classname="tests.TC_VerifyContact" name="verifyContactForm" time="24.085"/>
  <system-out/>
</testsuite> <!-- tests.TC_VerifyContact -->
