<?xml version="1.0" encoding="UTF-8"?>
<!-- Generated by org.testng.reporters.JUnitReportReporter -->
<testsuite hostname="9d0d77d0d961" failures="0" tests="1" name="tests.TC_VerifyLoginPage" time="6.068" errors="0" timestamp="2021-07-27T04:37:33 GMT" skipped="0">
  <testcase classname="tests.TC_VerifyLoginPage" name="verifyLogin" time="6.068"/>
  <system-out/>
</testsuite> <!-- tests.TC_VerifyLoginPage -->
